[debug] [2025-09-27T06:01:43.896Z] ----------------------------------------------------------------------
[debug] [2025-09-27T06:01:43.900Z] Command:       C:\Program Files\nodejs\node.exe C:\Users\Anmol\AppData\Roaming\npm\node_modules\firebase-tools\lib\bin\firebase.js init hosting
[debug] [2025-09-27T06:01:43.900Z] CLI Version:   14.17.0
[debug] [2025-09-27T06:01:43.901Z] Platform:      win32
[debug] [2025-09-27T06:01:43.901Z] Node Version:  v22.14.0
[debug] [2025-09-27T06:01:43.901Z] Time:          Sat Sep 27 2025 11:31:43 GMT+0530 (India Standard Time)
[debug] [2025-09-27T06:01:43.901Z] ----------------------------------------------------------------------
[debug] 
[debug] [2025-09-27T06:01:44.115Z] > command requires scopes: ["email","openid","https://www.googleapis.com/auth/cloudplatformprojects.readonly","https://www.googleapis.com/auth/firebase","https://www.googleapis.com/auth/cloud-platform"]
[debug] [2025-09-27T06:01:44.116Z] > authorizing via signed-in user (anmolcode763@gmail.com)
[info] 
     ######## #### ########  ######## ########     ###     ######  ########
     ##        ##  ##     ## ##       ##     ##  ##   ##  ##       ##
     ######    ##  ########  ######   ########  #########  ######  ######
     ##        ##  ##    ##  ##       ##     ## ##     ##       ## ##
     ##       #### ##     ## ######## ########  ##     ##  ######  ########

You're about to initialize a Firebase project in this directory:

  C:\Users\Anmol\Desktop\portfolio\client

Before we get started, keep in mind:

  * You are initializing within an existing Firebase project directory

[info] 
=== Project Setup
[info] 
[info] First, let's associate this project directory with a Firebase project.
[info] You can create multiple project aliases by running firebase use --add, 
[info] but for now we'll just set up a default project.
[info] 
[debug] [2025-09-27T06:01:54.467Z] Using project from CLI flag: device-streaming-ca7c7117
[debug] [2025-09-27T06:01:54.469Z] Checked if tokens are valid: true, expires at: 1758956320268
[debug] [2025-09-27T06:01:54.469Z] Checked if tokens are valid: true, expires at: 1758956320268
[debug] [2025-09-27T06:01:54.471Z] >>> [apiv2][query] GET https://firebase.googleapis.com/v1beta1/projects/device-streaming-ca7c7117 [none]
[debug] [2025-09-27T06:01:54.995Z] <<< [apiv2][status] GET https://firebase.googleapis.com/v1beta1/projects/device-streaming-ca7c7117 200
[debug] [2025-09-27T06:01:54.996Z] <<< [apiv2][body] GET https://firebase.googleapis.com/v1beta1/projects/device-streaming-ca7c7117 {"projectId":"device-streaming-ca7c7117","projectNumber":"245771243593","name":"projects/device-streaming-ca7c7117","resources":{"hostingSite":"device-streaming-ca7c7117"},"state":"ACTIVE","etag":"1_48acd4fe-52af-4c45-98d3-4781b671df6f"}
[info] i  Using project device-streaming-ca7c7117 
[info] 
=== Hosting Setup
[debug] [2025-09-27T06:01:55.187Z] Checked if tokens are valid: true, expires at: 1758956320268
[debug] [2025-09-27T06:01:55.187Z] Checked if tokens are valid: true, expires at: 1758956320268
[debug] [2025-09-27T06:01:55.187Z] >>> [apiv2][query] GET https://firebase.googleapis.com/v1beta1/projects/device-streaming-ca7c7117 [none]
[debug] [2025-09-27T06:01:55.548Z] <<< [apiv2][status] GET https://firebase.googleapis.com/v1beta1/projects/device-streaming-ca7c7117 200
[debug] [2025-09-27T06:01:55.548Z] <<< [apiv2][body] GET https://firebase.googleapis.com/v1beta1/projects/device-streaming-ca7c7117 {"projectId":"device-streaming-ca7c7117","projectNumber":"245771243593","name":"projects/device-streaming-ca7c7117","resources":{"hostingSite":"device-streaming-ca7c7117"},"state":"ACTIVE","etag":"1_48acd4fe-52af-4c45-98d3-4781b671df6f"}
[info] 
[info] Your public directory is the folder (relative to your project directory) that
[info] will contain Hosting assets to be uploaded with firebase deploy. If you
[info] have a build process for your assets, use your build's output directory.
[info] 
[debug] [2025-09-27T06:04:18.037Z] >>> [apiv2][query] GET https://www.gstatic.com/firebasejs/releases.json [none]
[debug] [2025-09-27T06:04:18.105Z] <<< [apiv2][status] GET https://www.gstatic.com/firebasejs/releases.json 200
[debug] [2025-09-27T06:04:18.105Z] <<< [apiv2][body] GET https://www.gstatic.com/firebasejs/releases.json {"current":{"version":"12.3.0","browserURL":"https://www.gstatic.com/firebasejs/12.3.0/firebase.js","packageURL":"https://www.gstatic.com/firebasejs/12.3.0/firebase.tgz"},"live":{"version":"12.3","browserURL":"https://www.gstatic.com/firebasejs/live/12.3/firebase.js","packageURL":"https://www.gstatic.com/firebasejs/live/12.3/firebase.tgz"},"components":{"ai":"https://www.gstatic.com/firebasejs/12.3.0/firebase-ai.js","analytics":"https://www.gstatic.com/firebasejs/12.3.0/firebase-analytics.js","app":"https://www.gstatic.com/firebasejs/12.3.0/firebase-app.js","app-check":"https://www.gstatic.com/firebasejs/12.3.0/firebase-app-check.js","auth":"https://www.gstatic.com/firebasejs/12.3.0/firebase-auth.js","auth/cordova":"https://www.gstatic.com/firebasejs/12.3.0/firebase-auth/cordova.js","auth/web-extension":"https://www.gstatic.com/firebasejs/12.3.0/firebase-auth/web-extension.js","functions":"https://www.gstatic.com/firebasejs/12.3.0/firebase-functions.js","firestore":"https://www.gstatic.com/firebasejs/12.3.0/firebase-firestore.js","firestore/lite":"https://www.gstatic.com/firebasejs/12.3.0/firebase-firestore/lite.js","installations":"https://www.gstatic.com/firebasejs/12.3.0/firebase-installations.js","storage":"https://www.gstatic.com/firebasejs/12.3.0/firebase-storage.js","performance":"https://www.gstatic.com/firebasejs/12.3.0/firebase-performance.js","remote-config":"https://www.gstatic.com/firebasejs/12.3.0/firebase-remote-config.js","messaging":"https://www.gstatic.com/firebasejs/12.3.0/firebase-messaging.js","messaging/sw":"https://www.gstatic.com/firebasejs/12.3.0/firebase-messaging/sw.js","database":"https://www.gstatic.com/firebasejs/12.3.0/firebase-database.js","data-connect":"https://www.gstatic.com/firebasejs/12.3.0/firebase-data-connect.js","firestore.memory":"https://www.gstatic.com/firebasejs/12.3.0/firebase-firestore.memory.js"}}
[info] +  Wrote y/index.html 
[info] 
[info] i  Didn't detect a .git folder. Assuming C:\Users\Anmol\Desktop\portfolio\client is the project root. 
[info] i  Authorizing with GitHub to upload your service account to a GitHub repository's secrets store. 
[info] 
[info] Visit this URL on this device to log in:
[info] https://github.com/login/oauth/authorize?client_id=89cf50f02ac6aaed3484&state=342332083&redirect_uri=http%3A%2F%2Flocalhost%3A9005&scope=read%3Auser%20repo%20public_repo
[info] 
[info] Waiting for authentication...
[debug] [2025-09-27T06:04:38.225Z] >>> [apiv2][query] POST https://github.com/login/oauth/access_token [none]
[debug] [2025-09-27T06:04:38.226Z] >>> [apiv2][body] POST https://github.com/login/oauth/access_token [stream]
[debug] [2025-09-27T06:04:38.662Z] <<< [apiv2][status] POST https://github.com/login/oauth/access_token 200
[debug] [2025-09-27T06:04:38.662Z] <<< [apiv2][body] POST https://github.com/login/oauth/access_token {"access_token":"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","token_type":"bearer","scope":"read:user,repo"}
[debug] [2025-09-27T06:04:38.674Z] >>> [apiv2][query] GET https://api.github.com/user [none]
[debug] [2025-09-27T06:04:39.167Z] <<< [apiv2][status] GET https://api.github.com/user 200
[debug] [2025-09-27T06:04:39.168Z] <<< [apiv2][body] GET https://api.github.com/user {"login":"anmolcode763","id":226146393,"node_id":"U_kgDODXq4WQ","avatar_url":"https://avatars.githubusercontent.com/u/226146393?v=4","gravatar_id":"","url":"https://api.github.com/users/anmolcode763","html_url":"https://github.com/anmolcode763","followers_url":"https://api.github.com/users/anmolcode763/followers","following_url":"https://api.github.com/users/anmolcode763/following{/other_user}","gists_url":"https://api.github.com/users/anmolcode763/gists{/gist_id}","starred_url":"https://api.github.com/users/anmolcode763/starred{/owner}{/repo}","subscriptions_url":"https://api.github.com/users/anmolcode763/subscriptions","organizations_url":"https://api.github.com/users/anmolcode763/orgs","repos_url":"https://api.github.com/users/anmolcode763/repos","events_url":"https://api.github.com/users/anmolcode763/events{/privacy}","received_events_url":"https://api.github.com/users/anmolcode763/received_events","type":"User","user_view_type":"private","site_admin":false,"name":"Anmol_rajput","company":null,"blog":"","location":null,"email":"anmolcode763@gmail.com","hireable":true,"bio":"A passionate Full stack Devloper","twitter_username":null,"notification_email":"anmolcode763@gmail.com","public_repos":0,"public_gists":0,"followers":0,"following":0,"created_at":"2025-08-12T16:47:14Z","updated_at":"2025-09-15T13:11:50Z","private_gists":0,"total_private_repos":1,"owned_private_repos":1,"disk_usage":112723,"collaborators":0,"two_factor_authentication":false,"plan":{"name":"free","space":976562499,"collaborators":0,"private_repos":10000}}
[info] 
[info] +  Success! Logged into GitHub as anmolcode763 
[info] 
